<?xml version="1.0" encoding="UTF-8"?>
<!-- Generated by org.testng.reporters.JUnitXMLReporter -->
<testsuite hostname="HSPW1PC0533NH" ignored="0" name="Test" tests="2" failures="1" timestamp="11 Dec 2017 14:08:40 GMT" time="15.324" errors="0">
  <testcase name="validateLogin" time="13.361" classname="Dlm.LoginPageTest"/>
  <testcase name="validateLogin" time="13.373" classname="Dlm.LoginPageTest">
    <failure type="java.lang.NullPointerException">
      <![CDATA[java.lang.NullPointerException
	at Dlm.Base.getScreenshot(Base.java:45)
	at Dlm.Listeners.onTestSuccess(Listeners.java:21)
... Removed 22 stack frames]]>
    </failure>
  </testcase> <!-- validateLogin -->
</testsuite> <!-- Test -->
